2021-09-20 17:07:00.166 +06:00 [INF] Application Starting up
2021-09-20 17:07:01.625 +06:00 [FTL] Application start-up failed
Autofac.Core.DependencyResolutionException: An exception was thrown while activating λ:Microsoft.Extensions.Hosting.IHostedService[] -> DataImporter.ExcelToDatabaseService.Worker.
 ---> Autofac.Core.DependencyResolutionException: None of the constructors found with 'Autofac.Core.Activators.Reflection.DefaultConstructorFinder' on type 'DataImporter.ExcelToDatabaseService.Worker' can be invoked with the available services and parameters:
Cannot resolve parameter 'DataImporter.ExcelToDatabaseService.Model.IImportingDataModel importingDataModel' of constructor 'Void .ctor(Microsoft.Extensions.Logging.ILogger`1[DataImporter.ExcelToDatabaseService.Worker], DataImporter.ExcelToDatabaseService.Model.IImportingDataModel)'.
   at Autofac.Core.Activators.Reflection.ReflectionActivator.GetAllBindings(ConstructorBinder[] availableConstructors, IComponentContext context, IEnumerable`1 parameters)
   at Autofac.Core.Activators.Reflection.ReflectionActivator.ActivateInstance(IComponentContext context, IEnumerable`1 parameters)
   at Autofac.Core.Activators.Reflection.ReflectionActivator.<ConfigurePipeline>b__11_0(ResolveRequestContext ctxt, Action`1 next)
   at Autofac.Core.Resolving.Middleware.DelegateMiddleware.Execute(ResolveRequestContext context, Action`1 next)
   at Autofac.Core.Resolving.Pipeline.ResolvePipelineBuilder.<>c__DisplayClass14_0.<BuildPipeline>b__1(ResolveRequestContext ctxt)
   at Autofac.Core.Resolving.Middleware.DisposalTrackingMiddleware.Execute(ResolveRequestContext context, Action`1 next)
   at Autofac.Core.Resolving.Pipeline.ResolvePipelineBuilder.<>c__DisplayClass14_0.<BuildPipeline>b__1(ResolveRequestContext ctxt)
   at Autofac.Core.Resolving.Middleware.ActivatorErrorHandlingMiddleware.Execute(ResolveRequestContext context, Action`1 next)
   --- End of inner exception stack trace ---
   at Autofac.Core.Resolving.Middleware.ActivatorErrorHandlingMiddleware.Execute(ResolveRequestContext context, Action`1 next)
   at Autofac.Core.Resolving.Pipeline.ResolvePipelineBuilder.<>c__DisplayClass14_0.<BuildPipeline>b__1(ResolveRequestContext ctxt)
   at Autofac.Core.Pipeline.ResolvePipeline.Invoke(ResolveRequestContext ctxt)
   at Autofac.Core.Resolving.Middleware.RegistrationPipelineInvokeMiddleware.Execute(ResolveRequestContext context, Action`1 next)
   at Autofac.Core.Resolving.Pipeline.ResolvePipelineBuilder.<>c__DisplayClass14_0.<BuildPipeline>b__1(ResolveRequestContext ctxt)
   at Autofac.Core.Resolving.Middleware.SharingMiddleware.Execute(ResolveRequestContext context, Action`1 next)
   at Autofac.Core.Resolving.Pipeline.ResolvePipelineBuilder.<>c__DisplayClass14_0.<BuildPipeline>b__1(ResolveRequestContext ctxt)
   at Autofac.Core.Resolving.Pipeline.ResolvePipelineBuilder.<>c__DisplayClass14_0.<BuildPipeline>b__1(ResolveRequestContext ctxt)
   at Autofac.Core.Resolving.Middleware.CircularDependencyDetectorMiddleware.Execute(ResolveRequestContext context, Action`1 next)
   at Autofac.Core.Resolving.Pipeline.ResolvePipelineBuilder.<>c__DisplayClass14_0.<BuildPipeline>b__1(ResolveRequestContext ctxt)
   at Autofac.Core.Pipeline.ResolvePipeline.Invoke(ResolveRequestContext ctxt)
   at Autofac.Core.Resolving.ResolveOperation.GetOrCreateInstance(ISharingLifetimeScope currentOperationScope, ResolveRequest request)
   at Autofac.Core.Resolving.ResolveOperation.ExecuteOperation(ResolveRequest request)
   at Autofac.Core.Resolving.ResolveOperation.Execute(ResolveRequest request)
   at Autofac.Core.Lifetime.LifetimeScope.ResolveComponent(ResolveRequest request)
   at Autofac.ResolutionExtensions.TryResolveService(IComponentContext context, Service service, IEnumerable`1 parameters, Object& instance)
   at Autofac.ResolutionExtensions.ResolveOptionalService(IComponentContext context, Service service, IEnumerable`1 parameters)
   at Autofac.ResolutionExtensions.ResolveOptional(IComponentContext context, Type serviceType, IEnumerable`1 parameters)
   at Autofac.ResolutionExtensions.ResolveOptional(IComponentContext context, Type serviceType)
   at Autofac.Extensions.DependencyInjection.AutofacServiceProvider.GetService(Type serviceType)
   at Microsoft.Extensions.DependencyInjection.ServiceProviderServiceExtensions.GetService[T](IServiceProvider provider)
   at Microsoft.Extensions.Hosting.Internal.Host.StartAsync(CancellationToken cancellationToken)
   at Microsoft.Extensions.Hosting.HostingAbstractionsHostExtensions.RunAsync(IHost host, CancellationToken token)
   at Microsoft.Extensions.Hosting.HostingAbstractionsHostExtensions.RunAsync(IHost host, CancellationToken token)
   at Microsoft.Extensions.Hosting.HostingAbstractionsHostExtensions.Run(IHost host)
   at DataImporter.ExcelToDatabaseService.Program.Main(String[] args) in F:\code\aspnetmvcEXAMAssignment\Devskill-aspnetb5\DataImporter\DataImporter.ExcelToDatabaseService\Program.cs:line 43
2021-09-20 17:07:16.253 +06:00 [INF] Application Starting up
2021-09-20 17:07:16.812 +06:00 [FTL] Application start-up failed
Autofac.Core.DependencyResolutionException: An exception was thrown while activating λ:Microsoft.Extensions.Hosting.IHostedService[] -> DataImporter.ExcelToDatabaseService.Worker.
 ---> Autofac.Core.DependencyResolutionException: None of the constructors found with 'Autofac.Core.Activators.Reflection.DefaultConstructorFinder' on type 'DataImporter.ExcelToDatabaseService.Worker' can be invoked with the available services and parameters:
Cannot resolve parameter 'DataImporter.ExcelToDatabaseService.Model.IImportingDataModel importingDataModel' of constructor 'Void .ctor(Microsoft.Extensions.Logging.ILogger`1[DataImporter.ExcelToDatabaseService.Worker], DataImporter.ExcelToDatabaseService.Model.IImportingDataModel)'.
   at Autofac.Core.Activators.Reflection.ReflectionActivator.GetAllBindings(ConstructorBinder[] availableConstructors, IComponentContext context, IEnumerable`1 parameters)
   at Autofac.Core.Activators.Reflection.ReflectionActivator.ActivateInstance(IComponentContext context, IEnumerable`1 parameters)
   at Autofac.Core.Activators.Reflection.ReflectionActivator.<ConfigurePipeline>b__11_0(ResolveRequestContext ctxt, Action`1 next)
   at Autofac.Core.Resolving.Middleware.DelegateMiddleware.Execute(ResolveRequestContext context, Action`1 next)
   at Autofac.Core.Resolving.Pipeline.ResolvePipelineBuilder.<>c__DisplayClass14_0.<BuildPipeline>b__1(ResolveRequestContext ctxt)
   at Autofac.Core.Resolving.Middleware.DisposalTrackingMiddleware.Execute(ResolveRequestContext context, Action`1 next)
   at Autofac.Core.Resolving.Pipeline.ResolvePipelineBuilder.<>c__DisplayClass14_0.<BuildPipeline>b__1(ResolveRequestContext ctxt)
   at Autofac.Core.Resolving.Middleware.ActivatorErrorHandlingMiddleware.Execute(ResolveRequestContext context, Action`1 next)
   --- End of inner exception stack trace ---
   at Autofac.Core.Resolving.Middleware.ActivatorErrorHandlingMiddleware.Execute(ResolveRequestContext context, Action`1 next)
   at Autofac.Core.Resolving.Pipeline.ResolvePipelineBuilder.<>c__DisplayClass14_0.<BuildPipeline>b__1(ResolveRequestContext ctxt)
   at Autofac.Core.Pipeline.ResolvePipeline.Invoke(ResolveRequestContext ctxt)
   at Autofac.Core.Resolving.Middleware.RegistrationPipelineInvokeMiddleware.Execute(ResolveRequestContext context, Action`1 next)
   at Autofac.Core.Resolving.Pipeline.ResolvePipelineBuilder.<>c__DisplayClass14_0.<BuildPipeline>b__1(ResolveRequestContext ctxt)
   at Autofac.Core.Resolving.Middleware.SharingMiddleware.Execute(ResolveRequestContext context, Action`1 next)
   at Autofac.Core.Resolving.Pipeline.ResolvePipelineBuilder.<>c__DisplayClass14_0.<BuildPipeline>b__1(ResolveRequestContext ctxt)
   at Autofac.Core.Resolving.Pipeline.ResolvePipelineBuilder.<>c__DisplayClass14_0.<BuildPipeline>b__1(ResolveRequestContext ctxt)
   at Autofac.Core.Resolving.Middleware.CircularDependencyDetectorMiddleware.Execute(ResolveRequestContext context, Action`1 next)
   at Autofac.Core.Resolving.Pipeline.ResolvePipelineBuilder.<>c__DisplayClass14_0.<BuildPipeline>b__1(ResolveRequestContext ctxt)
   at Autofac.Core.Pipeline.ResolvePipeline.Invoke(ResolveRequestContext ctxt)
   at Autofac.Core.Resolving.ResolveOperation.GetOrCreateInstance(ISharingLifetimeScope currentOperationScope, ResolveRequest request)
   at Autofac.Core.Resolving.ResolveOperation.ExecuteOperation(ResolveRequest request)
   at Autofac.Core.Resolving.ResolveOperation.Execute(ResolveRequest request)
   at Autofac.Core.Lifetime.LifetimeScope.ResolveComponent(ResolveRequest request)
   at Autofac.ResolutionExtensions.TryResolveService(IComponentContext context, Service service, IEnumerable`1 parameters, Object& instance)
   at Autofac.ResolutionExtensions.ResolveOptionalService(IComponentContext context, Service service, IEnumerable`1 parameters)
   at Autofac.ResolutionExtensions.ResolveOptional(IComponentContext context, Type serviceType, IEnumerable`1 parameters)
   at Autofac.ResolutionExtensions.ResolveOptional(IComponentContext context, Type serviceType)
   at Autofac.Extensions.DependencyInjection.AutofacServiceProvider.GetService(Type serviceType)
   at Microsoft.Extensions.DependencyInjection.ServiceProviderServiceExtensions.GetService[T](IServiceProvider provider)
   at Microsoft.Extensions.Hosting.Internal.Host.StartAsync(CancellationToken cancellationToken)
   at Microsoft.Extensions.Hosting.HostingAbstractionsHostExtensions.RunAsync(IHost host, CancellationToken token)
   at Microsoft.Extensions.Hosting.HostingAbstractionsHostExtensions.RunAsync(IHost host, CancellationToken token)
   at Microsoft.Extensions.Hosting.HostingAbstractionsHostExtensions.Run(IHost host)
   at DataImporter.ExcelToDatabaseService.Program.Main(String[] args) in F:\code\aspnetmvcEXAMAssignment\Devskill-aspnetb5\DataImporter\DataImporter.ExcelToDatabaseService\Program.cs:line 43
2021-09-20 17:07:23.571 +06:00 [INF] Application Starting up
2021-09-20 17:07:24.243 +06:00 [FTL] Application start-up failed
Autofac.Core.DependencyResolutionException: An exception was thrown while activating λ:Microsoft.Extensions.Hosting.IHostedService[] -> DataImporter.ExcelToDatabaseService.Worker.
 ---> Autofac.Core.DependencyResolutionException: None of the constructors found with 'Autofac.Core.Activators.Reflection.DefaultConstructorFinder' on type 'DataImporter.ExcelToDatabaseService.Worker' can be invoked with the available services and parameters:
Cannot resolve parameter 'DataImporter.ExcelToDatabaseService.Model.IImportingDataModel importingDataModel' of constructor 'Void .ctor(Microsoft.Extensions.Logging.ILogger`1[DataImporter.ExcelToDatabaseService.Worker], DataImporter.ExcelToDatabaseService.Model.IImportingDataModel)'.
   at Autofac.Core.Activators.Reflection.ReflectionActivator.GetAllBindings(ConstructorBinder[] availableConstructors, IComponentContext context, IEnumerable`1 parameters)
   at Autofac.Core.Activators.Reflection.ReflectionActivator.ActivateInstance(IComponentContext context, IEnumerable`1 parameters)
   at Autofac.Core.Activators.Reflection.ReflectionActivator.<ConfigurePipeline>b__11_0(ResolveRequestContext ctxt, Action`1 next)
   at Autofac.Core.Resolving.Middleware.DelegateMiddleware.Execute(ResolveRequestContext context, Action`1 next)
   at Autofac.Core.Resolving.Pipeline.ResolvePipelineBuilder.<>c__DisplayClass14_0.<BuildPipeline>b__1(ResolveRequestContext ctxt)
   at Autofac.Core.Resolving.Middleware.DisposalTrackingMiddleware.Execute(ResolveRequestContext context, Action`1 next)
   at Autofac.Core.Resolving.Pipeline.ResolvePipelineBuilder.<>c__DisplayClass14_0.<BuildPipeline>b__1(ResolveRequestContext ctxt)
   at Autofac.Core.Resolving.Middleware.ActivatorErrorHandlingMiddleware.Execute(ResolveRequestContext context, Action`1 next)
   --- End of inner exception stack trace ---
   at Autofac.Core.Resolving.Middleware.ActivatorErrorHandlingMiddleware.Execute(ResolveRequestContext context, Action`1 next)
   at Autofac.Core.Resolving.Pipeline.ResolvePipelineBuilder.<>c__DisplayClass14_0.<BuildPipeline>b__1(ResolveRequestContext ctxt)
   at Autofac.Core.Pipeline.ResolvePipeline.Invoke(ResolveRequestContext ctxt)
   at Autofac.Core.Resolving.Middleware.RegistrationPipelineInvokeMiddleware.Execute(ResolveRequestContext context, Action`1 next)
   at Autofac.Core.Resolving.Pipeline.ResolvePipelineBuilder.<>c__DisplayClass14_0.<BuildPipeline>b__1(ResolveRequestContext ctxt)
   at Autofac.Core.Resolving.Middleware.SharingMiddleware.Execute(ResolveRequestContext context, Action`1 next)
   at Autofac.Core.Resolving.Pipeline.ResolvePipelineBuilder.<>c__DisplayClass14_0.<BuildPipeline>b__1(ResolveRequestContext ctxt)
   at Autofac.Core.Resolving.Pipeline.ResolvePipelineBuilder.<>c__DisplayClass14_0.<BuildPipeline>b__1(ResolveRequestContext ctxt)
   at Autofac.Core.Resolving.Middleware.CircularDependencyDetectorMiddleware.Execute(ResolveRequestContext context, Action`1 next)
   at Autofac.Core.Resolving.Pipeline.ResolvePipelineBuilder.<>c__DisplayClass14_0.<BuildPipeline>b__1(ResolveRequestContext ctxt)
   at Autofac.Core.Pipeline.ResolvePipeline.Invoke(ResolveRequestContext ctxt)
   at Autofac.Core.Resolving.ResolveOperation.GetOrCreateInstance(ISharingLifetimeScope currentOperationScope, ResolveRequest request)
   at Autofac.Core.Resolving.ResolveOperation.ExecuteOperation(ResolveRequest request)
   at Autofac.Core.Resolving.ResolveOperation.Execute(ResolveRequest request)
   at Autofac.Core.Lifetime.LifetimeScope.ResolveComponent(ResolveRequest request)
   at Autofac.ResolutionExtensions.TryResolveService(IComponentContext context, Service service, IEnumerable`1 parameters, Object& instance)
   at Autofac.ResolutionExtensions.ResolveOptionalService(IComponentContext context, Service service, IEnumerable`1 parameters)
   at Autofac.ResolutionExtensions.ResolveOptional(IComponentContext context, Type serviceType, IEnumerable`1 parameters)
   at Autofac.ResolutionExtensions.ResolveOptional(IComponentContext context, Type serviceType)
   at Autofac.Extensions.DependencyInjection.AutofacServiceProvider.GetService(Type serviceType)
   at Microsoft.Extensions.DependencyInjection.ServiceProviderServiceExtensions.GetService[T](IServiceProvider provider)
   at Microsoft.Extensions.Hosting.Internal.Host.StartAsync(CancellationToken cancellationToken)
   at Microsoft.Extensions.Hosting.HostingAbstractionsHostExtensions.RunAsync(IHost host, CancellationToken token)
   at Microsoft.Extensions.Hosting.HostingAbstractionsHostExtensions.RunAsync(IHost host, CancellationToken token)
   at Microsoft.Extensions.Hosting.HostingAbstractionsHostExtensions.Run(IHost host)
   at DataImporter.ExcelToDatabaseService.Program.Main(String[] args) in F:\code\aspnetmvcEXAMAssignment\Devskill-aspnetb5\DataImporter\DataImporter.ExcelToDatabaseService\Program.cs:line 43
2021-09-20 17:07:54.807 +06:00 [INF] Application Starting up
2021-09-20 17:07:55.455 +06:00 [FTL] Application start-up failed
Autofac.Core.DependencyResolutionException: An exception was thrown while activating λ:Microsoft.Extensions.Hosting.IHostedService[] -> DataImporter.ExcelToDatabaseService.Worker.
 ---> Autofac.Core.DependencyResolutionException: None of the constructors found with 'Autofac.Core.Activators.Reflection.DefaultConstructorFinder' on type 'DataImporter.ExcelToDatabaseService.Worker' can be invoked with the available services and parameters:
Cannot resolve parameter 'DataImporter.ExcelToDatabaseService.Model.IImportingDataModel importingDataModel' of constructor 'Void .ctor(Microsoft.Extensions.Logging.ILogger`1[DataImporter.ExcelToDatabaseService.Worker], DataImporter.ExcelToDatabaseService.Model.IImportingDataModel)'.
   at Autofac.Core.Activators.Reflection.ReflectionActivator.GetAllBindings(ConstructorBinder[] availableConstructors, IComponentContext context, IEnumerable`1 parameters)
   at Autofac.Core.Activators.Reflection.ReflectionActivator.ActivateInstance(IComponentContext context, IEnumerable`1 parameters)
   at Autofac.Core.Activators.Reflection.ReflectionActivator.<ConfigurePipeline>b__11_0(ResolveRequestContext ctxt, Action`1 next)
   at Autofac.Core.Resolving.Middleware.DelegateMiddleware.Execute(ResolveRequestContext context, Action`1 next)
   at Autofac.Core.Resolving.Pipeline.ResolvePipelineBuilder.<>c__DisplayClass14_0.<BuildPipeline>b__1(ResolveRequestContext ctxt)
   at Autofac.Core.Resolving.Middleware.DisposalTrackingMiddleware.Execute(ResolveRequestContext context, Action`1 next)
   at Autofac.Core.Resolving.Pipeline.ResolvePipelineBuilder.<>c__DisplayClass14_0.<BuildPipeline>b__1(ResolveRequestContext ctxt)
   at Autofac.Core.Resolving.Middleware.ActivatorErrorHandlingMiddleware.Execute(ResolveRequestContext context, Action`1 next)
   --- End of inner exception stack trace ---
   at Autofac.Core.Resolving.Middleware.ActivatorErrorHandlingMiddleware.Execute(ResolveRequestContext context, Action`1 next)
   at Autofac.Core.Resolving.Pipeline.ResolvePipelineBuilder.<>c__DisplayClass14_0.<BuildPipeline>b__1(ResolveRequestContext ctxt)
   at Autofac.Core.Pipeline.ResolvePipeline.Invoke(ResolveRequestContext ctxt)
   at Autofac.Core.Resolving.Middleware.RegistrationPipelineInvokeMiddleware.Execute(ResolveRequestContext context, Action`1 next)
   at Autofac.Core.Resolving.Pipeline.ResolvePipelineBuilder.<>c__DisplayClass14_0.<BuildPipeline>b__1(ResolveRequestContext ctxt)
   at Autofac.Core.Resolving.Middleware.SharingMiddleware.Execute(ResolveRequestContext context, Action`1 next)
   at Autofac.Core.Resolving.Pipeline.ResolvePipelineBuilder.<>c__DisplayClass14_0.<BuildPipeline>b__1(ResolveRequestContext ctxt)
   at Autofac.Core.Resolving.Pipeline.ResolvePipelineBuilder.<>c__DisplayClass14_0.<BuildPipeline>b__1(ResolveRequestContext ctxt)
   at Autofac.Core.Resolving.Middleware.CircularDependencyDetectorMiddleware.Execute(ResolveRequestContext context, Action`1 next)
   at Autofac.Core.Resolving.Pipeline.ResolvePipelineBuilder.<>c__DisplayClass14_0.<BuildPipeline>b__1(ResolveRequestContext ctxt)
   at Autofac.Core.Pipeline.ResolvePipeline.Invoke(ResolveRequestContext ctxt)
   at Autofac.Core.Resolving.ResolveOperation.GetOrCreateInstance(ISharingLifetimeScope currentOperationScope, ResolveRequest request)
   at Autofac.Core.Resolving.ResolveOperation.ExecuteOperation(ResolveRequest request)
   at Autofac.Core.Resolving.ResolveOperation.Execute(ResolveRequest request)
   at Autofac.Core.Lifetime.LifetimeScope.ResolveComponent(ResolveRequest request)
   at Autofac.ResolutionExtensions.TryResolveService(IComponentContext context, Service service, IEnumerable`1 parameters, Object& instance)
   at Autofac.ResolutionExtensions.ResolveOptionalService(IComponentContext context, Service service, IEnumerable`1 parameters)
   at Autofac.ResolutionExtensions.ResolveOptional(IComponentContext context, Type serviceType, IEnumerable`1 parameters)
   at Autofac.ResolutionExtensions.ResolveOptional(IComponentContext context, Type serviceType)
   at Autofac.Extensions.DependencyInjection.AutofacServiceProvider.GetService(Type serviceType)
   at Microsoft.Extensions.DependencyInjection.ServiceProviderServiceExtensions.GetService[T](IServiceProvider provider)
   at Microsoft.Extensions.Hosting.Internal.Host.StartAsync(CancellationToken cancellationToken)
   at Microsoft.Extensions.Hosting.HostingAbstractionsHostExtensions.RunAsync(IHost host, CancellationToken token)
   at Microsoft.Extensions.Hosting.HostingAbstractionsHostExtensions.RunAsync(IHost host, CancellationToken token)
   at Microsoft.Extensions.Hosting.HostingAbstractionsHostExtensions.Run(IHost host)
   at DataImporter.ExcelToDatabaseService.Program.Main(String[] args) in F:\code\aspnetmvcEXAMAssignment\Devskill-aspnetb5\DataImporter\DataImporter.ExcelToDatabaseService\Program.cs:line 43
2021-09-20 17:08:48.920 +06:00 [INF] Application Starting up
2021-09-20 17:08:49.502 +06:00 [FTL] Application start-up failed
Autofac.Core.DependencyResolutionException: An exception was thrown while activating λ:Microsoft.Extensions.Hosting.IHostedService[] -> DataImporter.ExcelToDatabaseService.Worker.
 ---> Autofac.Core.DependencyResolutionException: None of the constructors found with 'Autofac.Core.Activators.Reflection.DefaultConstructorFinder' on type 'DataImporter.ExcelToDatabaseService.Worker' can be invoked with the available services and parameters:
Cannot resolve parameter 'DataImporter.ExcelToDatabaseService.Model.IImportingDataModel importingDataModel' of constructor 'Void .ctor(Microsoft.Extensions.Logging.ILogger`1[DataImporter.ExcelToDatabaseService.Worker], DataImporter.ExcelToDatabaseService.Model.IImportingDataModel)'.
   at Autofac.Core.Activators.Reflection.ReflectionActivator.GetAllBindings(ConstructorBinder[] availableConstructors, IComponentContext context, IEnumerable`1 parameters)
   at Autofac.Core.Activators.Reflection.ReflectionActivator.ActivateInstance(IComponentContext context, IEnumerable`1 parameters)
   at Autofac.Core.Activators.Reflection.ReflectionActivator.<ConfigurePipeline>b__11_0(ResolveRequestContext ctxt, Action`1 next)
   at Autofac.Core.Resolving.Middleware.DelegateMiddleware.Execute(ResolveRequestContext context, Action`1 next)
   at Autofac.Core.Resolving.Pipeline.ResolvePipelineBuilder.<>c__DisplayClass14_0.<BuildPipeline>b__1(ResolveRequestContext ctxt)
   at Autofac.Core.Resolving.Middleware.DisposalTrackingMiddleware.Execute(ResolveRequestContext context, Action`1 next)
   at Autofac.Core.Resolving.Pipeline.ResolvePipelineBuilder.<>c__DisplayClass14_0.<BuildPipeline>b__1(ResolveRequestContext ctxt)
   at Autofac.Core.Resolving.Middleware.ActivatorErrorHandlingMiddleware.Execute(ResolveRequestContext context, Action`1 next)
   --- End of inner exception stack trace ---
   at Autofac.Core.Resolving.Middleware.ActivatorErrorHandlingMiddleware.Execute(ResolveRequestContext context, Action`1 next)
   at Autofac.Core.Resolving.Pipeline.ResolvePipelineBuilder.<>c__DisplayClass14_0.<BuildPipeline>b__1(ResolveRequestContext ctxt)
   at Autofac.Core.Pipeline.ResolvePipeline.Invoke(ResolveRequestContext ctxt)
   at Autofac.Core.Resolving.Middleware.RegistrationPipelineInvokeMiddleware.Execute(ResolveRequestContext context, Action`1 next)
   at Autofac.Core.Resolving.Pipeline.ResolvePipelineBuilder.<>c__DisplayClass14_0.<BuildPipeline>b__1(ResolveRequestContext ctxt)
   at Autofac.Core.Resolving.Middleware.SharingMiddleware.Execute(ResolveRequestContext context, Action`1 next)
   at Autofac.Core.Resolving.Pipeline.ResolvePipelineBuilder.<>c__DisplayClass14_0.<BuildPipeline>b__1(ResolveRequestContext ctxt)
   at Autofac.Core.Resolving.Pipeline.ResolvePipelineBuilder.<>c__DisplayClass14_0.<BuildPipeline>b__1(ResolveRequestContext ctxt)
   at Autofac.Core.Resolving.Middleware.CircularDependencyDetectorMiddleware.Execute(ResolveRequestContext context, Action`1 next)
   at Autofac.Core.Resolving.Pipeline.ResolvePipelineBuilder.<>c__DisplayClass14_0.<BuildPipeline>b__1(ResolveRequestContext ctxt)
   at Autofac.Core.Pipeline.ResolvePipeline.Invoke(ResolveRequestContext ctxt)
   at Autofac.Core.Resolving.ResolveOperation.GetOrCreateInstance(ISharingLifetimeScope currentOperationScope, ResolveRequest request)
   at Autofac.Core.Resolving.ResolveOperation.ExecuteOperation(ResolveRequest request)
   at Autofac.Core.Resolving.ResolveOperation.Execute(ResolveRequest request)
   at Autofac.Core.Lifetime.LifetimeScope.ResolveComponent(ResolveRequest request)
   at Autofac.ResolutionExtensions.TryResolveService(IComponentContext context, Service service, IEnumerable`1 parameters, Object& instance)
   at Autofac.ResolutionExtensions.ResolveOptionalService(IComponentContext context, Service service, IEnumerable`1 parameters)
   at Autofac.ResolutionExtensions.ResolveOptional(IComponentContext context, Type serviceType, IEnumerable`1 parameters)
   at Autofac.ResolutionExtensions.ResolveOptional(IComponentContext context, Type serviceType)
   at Autofac.Extensions.DependencyInjection.AutofacServiceProvider.GetService(Type serviceType)
   at Microsoft.Extensions.DependencyInjection.ServiceProviderServiceExtensions.GetService[T](IServiceProvider provider)
   at Microsoft.Extensions.Hosting.Internal.Host.StartAsync(CancellationToken cancellationToken)
   at Microsoft.Extensions.Hosting.HostingAbstractionsHostExtensions.RunAsync(IHost host, CancellationToken token)
   at Microsoft.Extensions.Hosting.HostingAbstractionsHostExtensions.RunAsync(IHost host, CancellationToken token)
   at Microsoft.Extensions.Hosting.HostingAbstractionsHostExtensions.Run(IHost host)
   at DataImporter.ExcelToDatabaseService.Program.Main(String[] args) in F:\code\aspnetmvcEXAMAssignment\Devskill-aspnetb5\DataImporter\DataImporter.ExcelToDatabaseService\Program.cs:line 43
2021-09-20 17:09:15.670 +06:00 [INF] Application Starting up
2021-09-20 17:09:16.329 +06:00 [FTL] Application start-up failed
Autofac.Core.DependencyResolutionException: An exception was thrown while activating λ:Microsoft.Extensions.Hosting.IHostedService[] -> DataImporter.ExcelToDatabaseService.Worker.
 ---> Autofac.Core.DependencyResolutionException: None of the constructors found with 'Autofac.Core.Activators.Reflection.DefaultConstructorFinder' on type 'DataImporter.ExcelToDatabaseService.Worker' can be invoked with the available services and parameters:
Cannot resolve parameter 'DataImporter.ExcelToDatabaseService.Model.IImportingDataModel importingDataModel' of constructor 'Void .ctor(Microsoft.Extensions.Logging.ILogger`1[DataImporter.ExcelToDatabaseService.Worker], DataImporter.ExcelToDatabaseService.Model.IImportingDataModel)'.
   at Autofac.Core.Activators.Reflection.ReflectionActivator.GetAllBindings(ConstructorBinder[] availableConstructors, IComponentContext context, IEnumerable`1 parameters)
   at Autofac.Core.Activators.Reflection.ReflectionActivator.ActivateInstance(IComponentContext context, IEnumerable`1 parameters)
   at Autofac.Core.Activators.Reflection.ReflectionActivator.<ConfigurePipeline>b__11_0(ResolveRequestContext ctxt, Action`1 next)
   at Autofac.Core.Resolving.Middleware.DelegateMiddleware.Execute(ResolveRequestContext context, Action`1 next)
   at Autofac.Core.Resolving.Pipeline.ResolvePipelineBuilder.<>c__DisplayClass14_0.<BuildPipeline>b__1(ResolveRequestContext ctxt)
   at Autofac.Core.Resolving.Middleware.DisposalTrackingMiddleware.Execute(ResolveRequestContext context, Action`1 next)
   at Autofac.Core.Resolving.Pipeline.ResolvePipelineBuilder.<>c__DisplayClass14_0.<BuildPipeline>b__1(ResolveRequestContext ctxt)
   at Autofac.Core.Resolving.Middleware.ActivatorErrorHandlingMiddleware.Execute(ResolveRequestContext context, Action`1 next)
   --- End of inner exception stack trace ---
   at Autofac.Core.Resolving.Middleware.ActivatorErrorHandlingMiddleware.Execute(ResolveRequestContext context, Action`1 next)
   at Autofac.Core.Resolving.Pipeline.ResolvePipelineBuilder.<>c__DisplayClass14_0.<BuildPipeline>b__1(ResolveRequestContext ctxt)
   at Autofac.Core.Pipeline.ResolvePipeline.Invoke(ResolveRequestContext ctxt)
   at Autofac.Core.Resolving.Middleware.RegistrationPipelineInvokeMiddleware.Execute(ResolveRequestContext context, Action`1 next)
   at Autofac.Core.Resolving.Pipeline.ResolvePipelineBuilder.<>c__DisplayClass14_0.<BuildPipeline>b__1(ResolveRequestContext ctxt)
   at Autofac.Core.Resolving.Middleware.SharingMiddleware.Execute(ResolveRequestContext context, Action`1 next)
   at Autofac.Core.Resolving.Pipeline.ResolvePipelineBuilder.<>c__DisplayClass14_0.<BuildPipeline>b__1(ResolveRequestContext ctxt)
   at Autofac.Core.Resolving.Pipeline.ResolvePipelineBuilder.<>c__DisplayClass14_0.<BuildPipeline>b__1(ResolveRequestContext ctxt)
   at Autofac.Core.Resolving.Middleware.CircularDependencyDetectorMiddleware.Execute(ResolveRequestContext context, Action`1 next)
   at Autofac.Core.Resolving.Pipeline.ResolvePipelineBuilder.<>c__DisplayClass14_0.<BuildPipeline>b__1(ResolveRequestContext ctxt)
   at Autofac.Core.Pipeline.ResolvePipeline.Invoke(ResolveRequestContext ctxt)
   at Autofac.Core.Resolving.ResolveOperation.GetOrCreateInstance(ISharingLifetimeScope currentOperationScope, ResolveRequest request)
   at Autofac.Core.Resolving.ResolveOperation.ExecuteOperation(ResolveRequest request)
   at Autofac.Core.Resolving.ResolveOperation.Execute(ResolveRequest request)
   at Autofac.Core.Lifetime.LifetimeScope.ResolveComponent(ResolveRequest request)
   at Autofac.ResolutionExtensions.TryResolveService(IComponentContext context, Service service, IEnumerable`1 parameters, Object& instance)
   at Autofac.ResolutionExtensions.ResolveOptionalService(IComponentContext context, Service service, IEnumerable`1 parameters)
   at Autofac.ResolutionExtensions.ResolveOptional(IComponentContext context, Type serviceType, IEnumerable`1 parameters)
   at Autofac.ResolutionExtensions.ResolveOptional(IComponentContext context, Type serviceType)
   at Autofac.Extensions.DependencyInjection.AutofacServiceProvider.GetService(Type serviceType)
   at Microsoft.Extensions.DependencyInjection.ServiceProviderServiceExtensions.GetService[T](IServiceProvider provider)
   at Microsoft.Extensions.Hosting.Internal.Host.StartAsync(CancellationToken cancellationToken)
   at Microsoft.Extensions.Hosting.HostingAbstractionsHostExtensions.RunAsync(IHost host, CancellationToken token)
   at Microsoft.Extensions.Hosting.HostingAbstractionsHostExtensions.RunAsync(IHost host, CancellationToken token)
   at Microsoft.Extensions.Hosting.HostingAbstractionsHostExtensions.Run(IHost host)
   at DataImporter.ExcelToDatabaseService.Program.Main(String[] args) in F:\code\aspnetmvcEXAMAssignment\Devskill-aspnetb5\DataImporter\DataImporter.ExcelToDatabaseService\Program.cs:line 43
2021-09-20 17:09:40.008 +06:00 [INF] Application Starting up
2021-09-20 17:09:40.589 +06:00 [FTL] Application start-up failed
Autofac.Core.DependencyResolutionException: An exception was thrown while activating λ:Microsoft.Extensions.Hosting.IHostedService[] -> DataImporter.ExcelToDatabaseService.Worker.
 ---> Autofac.Core.DependencyResolutionException: None of the constructors found with 'Autofac.Core.Activators.Reflection.DefaultConstructorFinder' on type 'DataImporter.ExcelToDatabaseService.Worker' can be invoked with the available services and parameters:
Cannot resolve parameter 'DataImporter.ExcelToDatabaseService.Model.IImportingDataModel importingDataModel' of constructor 'Void .ctor(Microsoft.Extensions.Logging.ILogger`1[DataImporter.ExcelToDatabaseService.Worker], DataImporter.ExcelToDatabaseService.Model.IImportingDataModel)'.
   at Autofac.Core.Activators.Reflection.ReflectionActivator.GetAllBindings(ConstructorBinder[] availableConstructors, IComponentContext context, IEnumerable`1 parameters)
   at Autofac.Core.Activators.Reflection.ReflectionActivator.ActivateInstance(IComponentContext context, IEnumerable`1 parameters)
   at Autofac.Core.Activators.Reflection.ReflectionActivator.<ConfigurePipeline>b__11_0(ResolveRequestContext ctxt, Action`1 next)
   at Autofac.Core.Resolving.Middleware.DelegateMiddleware.Execute(ResolveRequestContext context, Action`1 next)
   at Autofac.Core.Resolving.Pipeline.ResolvePipelineBuilder.<>c__DisplayClass14_0.<BuildPipeline>b__1(ResolveRequestContext ctxt)
   at Autofac.Core.Resolving.Middleware.DisposalTrackingMiddleware.Execute(ResolveRequestContext context, Action`1 next)
   at Autofac.Core.Resolving.Pipeline.ResolvePipelineBuilder.<>c__DisplayClass14_0.<BuildPipeline>b__1(ResolveRequestContext ctxt)
   at Autofac.Core.Resolving.Middleware.ActivatorErrorHandlingMiddleware.Execute(ResolveRequestContext context, Action`1 next)
   --- End of inner exception stack trace ---
   at Autofac.Core.Resolving.Middleware.ActivatorErrorHandlingMiddleware.Execute(ResolveRequestContext context, Action`1 next)
   at Autofac.Core.Resolving.Pipeline.ResolvePipelineBuilder.<>c__DisplayClass14_0.<BuildPipeline>b__1(ResolveRequestContext ctxt)
   at Autofac.Core.Pipeline.ResolvePipeline.Invoke(ResolveRequestContext ctxt)
   at Autofac.Core.Resolving.Middleware.RegistrationPipelineInvokeMiddleware.Execute(ResolveRequestContext context, Action`1 next)
   at Autofac.Core.Resolving.Pipeline.ResolvePipelineBuilder.<>c__DisplayClass14_0.<BuildPipeline>b__1(ResolveRequestContext ctxt)
   at Autofac.Core.Resolving.Middleware.SharingMiddleware.Execute(ResolveRequestContext context, Action`1 next)
   at Autofac.Core.Resolving.Pipeline.ResolvePipelineBuilder.<>c__DisplayClass14_0.<BuildPipeline>b__1(ResolveRequestContext ctxt)
   at Autofac.Core.Resolving.Pipeline.ResolvePipelineBuilder.<>c__DisplayClass14_0.<BuildPipeline>b__1(ResolveRequestContext ctxt)
   at Autofac.Core.Resolving.Middleware.CircularDependencyDetectorMiddleware.Execute(ResolveRequestContext context, Action`1 next)
   at Autofac.Core.Resolving.Pipeline.ResolvePipelineBuilder.<>c__DisplayClass14_0.<BuildPipeline>b__1(ResolveRequestContext ctxt)
   at Autofac.Core.Pipeline.ResolvePipeline.Invoke(ResolveRequestContext ctxt)
   at Autofac.Core.Resolving.ResolveOperation.GetOrCreateInstance(ISharingLifetimeScope currentOperationScope, ResolveRequest request)
   at Autofac.Core.Resolving.ResolveOperation.ExecuteOperation(ResolveRequest request)
   at Autofac.Core.Resolving.ResolveOperation.Execute(ResolveRequest request)
   at Autofac.Core.Lifetime.LifetimeScope.ResolveComponent(ResolveRequest request)
   at Autofac.ResolutionExtensions.TryResolveService(IComponentContext context, Service service, IEnumerable`1 parameters, Object& instance)
   at Autofac.ResolutionExtensions.ResolveOptionalService(IComponentContext context, Service service, IEnumerable`1 parameters)
   at Autofac.ResolutionExtensions.ResolveOptional(IComponentContext context, Type serviceType, IEnumerable`1 parameters)
   at Autofac.ResolutionExtensions.ResolveOptional(IComponentContext context, Type serviceType)
   at Autofac.Extensions.DependencyInjection.AutofacServiceProvider.GetService(Type serviceType)
   at Microsoft.Extensions.DependencyInjection.ServiceProviderServiceExtensions.GetService[T](IServiceProvider provider)
   at Microsoft.Extensions.Hosting.Internal.Host.StartAsync(CancellationToken cancellationToken)
   at Microsoft.Extensions.Hosting.HostingAbstractionsHostExtensions.RunAsync(IHost host, CancellationToken token)
   at Microsoft.Extensions.Hosting.HostingAbstractionsHostExtensions.RunAsync(IHost host, CancellationToken token)
   at Microsoft.Extensions.Hosting.HostingAbstractionsHostExtensions.Run(IHost host)
   at DataImporter.ExcelToDatabaseService.Program.Main(String[] args) in F:\code\aspnetmvcEXAMAssignment\Devskill-aspnetb5\DataImporter\DataImporter.ExcelToDatabaseService\Program.cs:line 43
2021-09-20 17:10:47.547 +06:00 [INF] Application Starting up
2021-09-20 17:10:48.218 +06:00 [FTL] Application start-up failed
Autofac.Core.DependencyResolutionException: An exception was thrown while activating λ:Microsoft.Extensions.Hosting.IHostedService[] -> DataImporter.ExcelToDatabaseService.Worker.
 ---> Autofac.Core.DependencyResolutionException: None of the constructors found with 'Autofac.Core.Activators.Reflection.DefaultConstructorFinder' on type 'DataImporter.ExcelToDatabaseService.Worker' can be invoked with the available services and parameters:
Cannot resolve parameter 'DataImporter.ExcelToDatabaseService.Model.IImportingDataModel importingDataModel' of constructor 'Void .ctor(Microsoft.Extensions.Logging.ILogger`1[DataImporter.ExcelToDatabaseService.Worker], DataImporter.ExcelToDatabaseService.Model.IImportingDataModel)'.
   at Autofac.Core.Activators.Reflection.ReflectionActivator.GetAllBindings(ConstructorBinder[] availableConstructors, IComponentContext context, IEnumerable`1 parameters)
   at Autofac.Core.Activators.Reflection.ReflectionActivator.ActivateInstance(IComponentContext context, IEnumerable`1 parameters)
   at Autofac.Core.Activators.Reflection.ReflectionActivator.<ConfigurePipeline>b__11_0(ResolveRequestContext ctxt, Action`1 next)
   at Autofac.Core.Resolving.Middleware.DelegateMiddleware.Execute(ResolveRequestContext context, Action`1 next)
   at Autofac.Core.Resolving.Pipeline.ResolvePipelineBuilder.<>c__DisplayClass14_0.<BuildPipeline>b__1(ResolveRequestContext ctxt)
   at Autofac.Core.Resolving.Middleware.DisposalTrackingMiddleware.Execute(ResolveRequestContext context, Action`1 next)
   at Autofac.Core.Resolving.Pipeline.ResolvePipelineBuilder.<>c__DisplayClass14_0.<BuildPipeline>b__1(ResolveRequestContext ctxt)
   at Autofac.Core.Resolving.Middleware.ActivatorErrorHandlingMiddleware.Execute(ResolveRequestContext context, Action`1 next)
   --- End of inner exception stack trace ---
   at Autofac.Core.Resolving.Middleware.ActivatorErrorHandlingMiddleware.Execute(ResolveRequestContext context, Action`1 next)
   at Autofac.Core.Resolving.Pipeline.ResolvePipelineBuilder.<>c__DisplayClass14_0.<BuildPipeline>b__1(ResolveRequestContext ctxt)
   at Autofac.Core.Pipeline.ResolvePipeline.Invoke(ResolveRequestContext ctxt)
   at Autofac.Core.Resolving.Middleware.RegistrationPipelineInvokeMiddleware.Execute(ResolveRequestContext context, Action`1 next)
   at Autofac.Core.Resolving.Pipeline.ResolvePipelineBuilder.<>c__DisplayClass14_0.<BuildPipeline>b__1(ResolveRequestContext ctxt)
   at Autofac.Core.Resolving.Middleware.SharingMiddleware.Execute(ResolveRequestContext context, Action`1 next)
   at Autofac.Core.Resolving.Pipeline.ResolvePipelineBuilder.<>c__DisplayClass14_0.<BuildPipeline>b__1(ResolveRequestContext ctxt)
   at Autofac.Core.Resolving.Pipeline.ResolvePipelineBuilder.<>c__DisplayClass14_0.<BuildPipeline>b__1(ResolveRequestContext ctxt)
   at Autofac.Core.Resolving.Middleware.CircularDependencyDetectorMiddleware.Execute(ResolveRequestContext context, Action`1 next)
   at Autofac.Core.Resolving.Pipeline.ResolvePipelineBuilder.<>c__DisplayClass14_0.<BuildPipeline>b__1(ResolveRequestContext ctxt)
   at Autofac.Core.Pipeline.ResolvePipeline.Invoke(ResolveRequestContext ctxt)
   at Autofac.Core.Resolving.ResolveOperation.GetOrCreateInstance(ISharingLifetimeScope currentOperationScope, ResolveRequest request)
   at Autofac.Core.Resolving.ResolveOperation.ExecuteOperation(ResolveRequest request)
   at Autofac.Core.Resolving.ResolveOperation.Execute(ResolveRequest request)
   at Autofac.Core.Lifetime.LifetimeScope.ResolveComponent(ResolveRequest request)
   at Autofac.ResolutionExtensions.TryResolveService(IComponentContext context, Service service, IEnumerable`1 parameters, Object& instance)
   at Autofac.ResolutionExtensions.ResolveOptionalService(IComponentContext context, Service service, IEnumerable`1 parameters)
   at Autofac.ResolutionExtensions.ResolveOptional(IComponentContext context, Type serviceType, IEnumerable`1 parameters)
   at Autofac.ResolutionExtensions.ResolveOptional(IComponentContext context, Type serviceType)
   at Autofac.Extensions.DependencyInjection.AutofacServiceProvider.GetService(Type serviceType)
   at Microsoft.Extensions.DependencyInjection.ServiceProviderServiceExtensions.GetService[T](IServiceProvider provider)
   at Microsoft.Extensions.Hosting.Internal.Host.StartAsync(CancellationToken cancellationToken)
   at Microsoft.Extensions.Hosting.HostingAbstractionsHostExtensions.RunAsync(IHost host, CancellationToken token)
   at Microsoft.Extensions.Hosting.HostingAbstractionsHostExtensions.RunAsync(IHost host, CancellationToken token)
   at Microsoft.Extensions.Hosting.HostingAbstractionsHostExtensions.Run(IHost host)
   at DataImporter.ExcelToDatabaseService.Program.Main(String[] args) in F:\code\aspnetmvcEXAMAssignment\Devskill-aspnetb5\DataImporter\DataImporter.ExcelToDatabaseService\Program.cs:line 43
2021-09-20 17:15:13.228 +06:00 [INF] Application Starting up
2021-09-20 17:15:13.865 +06:00 [FTL] Application start-up failed
Autofac.Core.DependencyResolutionException: An exception was thrown while activating λ:Microsoft.Extensions.Hosting.IHostedService[] -> DataImporter.ExcelToDatabaseService.Worker.
 ---> Autofac.Core.DependencyResolutionException: None of the constructors found with 'Autofac.Core.Activators.Reflection.DefaultConstructorFinder' on type 'DataImporter.ExcelToDatabaseService.Worker' can be invoked with the available services and parameters:
Cannot resolve parameter 'DataImporter.ExcelToDatabaseService.Model.IImportingDataModel importingDataModel' of constructor 'Void .ctor(Microsoft.Extensions.Logging.ILogger`1[DataImporter.ExcelToDatabaseService.Worker], DataImporter.ExcelToDatabaseService.Model.IImportingDataModel)'.
   at Autofac.Core.Activators.Reflection.ReflectionActivator.GetAllBindings(ConstructorBinder[] availableConstructors, IComponentContext context, IEnumerable`1 parameters)
   at Autofac.Core.Activators.Reflection.ReflectionActivator.ActivateInstance(IComponentContext context, IEnumerable`1 parameters)
   at Autofac.Core.Activators.Reflection.ReflectionActivator.<ConfigurePipeline>b__11_0(ResolveRequestContext ctxt, Action`1 next)
   at Autofac.Core.Resolving.Middleware.DelegateMiddleware.Execute(ResolveRequestContext context, Action`1 next)
   at Autofac.Core.Resolving.Pipeline.ResolvePipelineBuilder.<>c__DisplayClass14_0.<BuildPipeline>b__1(ResolveRequestContext ctxt)
   at Autofac.Core.Resolving.Middleware.DisposalTrackingMiddleware.Execute(ResolveRequestContext context, Action`1 next)
   at Autofac.Core.Resolving.Pipeline.ResolvePipelineBuilder.<>c__DisplayClass14_0.<BuildPipeline>b__1(ResolveRequestContext ctxt)
   at Autofac.Core.Resolving.Middleware.ActivatorErrorHandlingMiddleware.Execute(ResolveRequestContext context, Action`1 next)
   --- End of inner exception stack trace ---
   at Autofac.Core.Resolving.Middleware.ActivatorErrorHandlingMiddleware.Execute(ResolveRequestContext context, Action`1 next)
   at Autofac.Core.Resolving.Pipeline.ResolvePipelineBuilder.<>c__DisplayClass14_0.<BuildPipeline>b__1(ResolveRequestContext ctxt)
   at Autofac.Core.Pipeline.ResolvePipeline.Invoke(ResolveRequestContext ctxt)
   at Autofac.Core.Resolving.Middleware.RegistrationPipelineInvokeMiddleware.Execute(ResolveRequestContext context, Action`1 next)
   at Autofac.Core.Resolving.Pipeline.ResolvePipelineBuilder.<>c__DisplayClass14_0.<BuildPipeline>b__1(ResolveRequestContext ctxt)
   at Autofac.Core.Resolving.Middleware.SharingMiddleware.Execute(ResolveRequestContext context, Action`1 next)
   at Autofac.Core.Resolving.Pipeline.ResolvePipelineBuilder.<>c__DisplayClass14_0.<BuildPipeline>b__1(ResolveRequestContext ctxt)
   at Autofac.Core.Resolving.Pipeline.ResolvePipelineBuilder.<>c__DisplayClass14_0.<BuildPipeline>b__1(ResolveRequestContext ctxt)
   at Autofac.Core.Resolving.Middleware.CircularDependencyDetectorMiddleware.Execute(ResolveRequestContext context, Action`1 next)
   at Autofac.Core.Resolving.Pipeline.ResolvePipelineBuilder.<>c__DisplayClass14_0.<BuildPipeline>b__1(ResolveRequestContext ctxt)
   at Autofac.Core.Pipeline.ResolvePipeline.Invoke(ResolveRequestContext ctxt)
   at Autofac.Core.Resolving.ResolveOperation.GetOrCreateInstance(ISharingLifetimeScope currentOperationScope, ResolveRequest request)
   at Autofac.Core.Resolving.ResolveOperation.ExecuteOperation(ResolveRequest request)
   at Autofac.Core.Resolving.ResolveOperation.Execute(ResolveRequest request)
   at Autofac.Core.Lifetime.LifetimeScope.ResolveComponent(ResolveRequest request)
   at Autofac.ResolutionExtensions.TryResolveService(IComponentContext context, Service service, IEnumerable`1 parameters, Object& instance)
   at Autofac.ResolutionExtensions.ResolveOptionalService(IComponentContext context, Service service, IEnumerable`1 parameters)
   at Autofac.ResolutionExtensions.ResolveOptional(IComponentContext context, Type serviceType, IEnumerable`1 parameters)
   at Autofac.ResolutionExtensions.ResolveOptional(IComponentContext context, Type serviceType)
   at Autofac.Extensions.DependencyInjection.AutofacServiceProvider.GetService(Type serviceType)
   at Microsoft.Extensions.DependencyInjection.ServiceProviderServiceExtensions.GetService[T](IServiceProvider provider)
   at Microsoft.Extensions.Hosting.Internal.Host.StartAsync(CancellationToken cancellationToken)
   at Microsoft.Extensions.Hosting.HostingAbstractionsHostExtensions.RunAsync(IHost host, CancellationToken token)
   at Microsoft.Extensions.Hosting.HostingAbstractionsHostExtensions.RunAsync(IHost host, CancellationToken token)
   at Microsoft.Extensions.Hosting.HostingAbstractionsHostExtensions.Run(IHost host)
   at DataImporter.ExcelToDatabaseService.Program.Main(String[] args) in F:\code\aspnetmvcEXAMAssignment\Devskill-aspnetb5\DataImporter\DataImporter.ExcelToDatabaseService\Program.cs:line 43
2021-09-20 17:16:13.408 +06:00 [INF] Application Starting up
2021-09-20 17:16:14.181 +06:00 [FTL] Application start-up failed
Autofac.Core.DependencyResolutionException: An exception was thrown while activating λ:Microsoft.Extensions.Hosting.IHostedService[] -> DataImporter.ExcelToDatabaseService.Worker -> DataImporter.ExcelToDatabaseService.Model.ImportingDataModel -> DataImporter.Importing.UniteOfWorks.ImportingUnitOfWork.
 ---> Autofac.Core.DependencyResolutionException: None of the constructors found with 'Autofac.Core.Activators.Reflection.DefaultConstructorFinder' on type 'DataImporter.Importing.UniteOfWorks.ImportingUnitOfWork' can be invoked with the available services and parameters:
Cannot resolve parameter 'DataImporter.Importing.Repositories.IExcelFieldDataRepository excelFieldDatas' of constructor 'Void .ctor(DataImporter.Importing.Contexts.IImportingDbContext, DataImporter.Importing.Repositories.IGroupRepository, DataImporter.Importing.Repositories.IExcelFileRepository, DataImporter.Importing.Repositories.IExcelFieldDataRepository, DataImporter.Importing.Repositories.IExcelDataRepository)'.
   at Autofac.Core.Activators.Reflection.ReflectionActivator.GetAllBindings(ConstructorBinder[] availableConstructors, IComponentContext context, IEnumerable`1 parameters)
   at Autofac.Core.Activators.Reflection.ReflectionActivator.ActivateInstance(IComponentContext context, IEnumerable`1 parameters)
   at Autofac.Core.Activators.Reflection.ReflectionActivator.<ConfigurePipeline>b__11_0(ResolveRequestContext ctxt, Action`1 next)
   at Autofac.Core.Resolving.Middleware.DelegateMiddleware.Execute(ResolveRequestContext context, Action`1 next)
   at Autofac.Core.Resolving.Pipeline.ResolvePipelineBuilder.<>c__DisplayClass14_0.<BuildPipeline>b__1(ResolveRequestContext ctxt)
   at Autofac.Core.Resolving.Middleware.DisposalTrackingMiddleware.Execute(ResolveRequestContext context, Action`1 next)
   at Autofac.Core.Resolving.Pipeline.ResolvePipelineBuilder.<>c__DisplayClass14_0.<BuildPipeline>b__1(ResolveRequestContext ctxt)
   at Autofac.Core.Resolving.Middleware.ActivatorErrorHandlingMiddleware.Execute(ResolveRequestContext context, Action`1 next)
   --- End of inner exception stack trace ---
   at Autofac.Core.Resolving.Middleware.ActivatorErrorHandlingMiddleware.Execute(ResolveRequestContext context, Action`1 next)
   at Autofac.Core.Resolving.Pipeline.ResolvePipelineBuilder.<>c__DisplayClass14_0.<BuildPipeline>b__1(ResolveRequestContext ctxt)
   at Autofac.Core.Pipeline.ResolvePipeline.Invoke(ResolveRequestContext ctxt)
   at Autofac.Core.Resolving.Middleware.RegistrationPipelineInvokeMiddleware.Execute(ResolveRequestContext context, Action`1 next)
   at Autofac.Core.Resolving.Pipeline.ResolvePipelineBuilder.<>c__DisplayClass14_0.<BuildPipeline>b__1(ResolveRequestContext ctxt)
   at Autofac.Core.Resolving.Middleware.SharingMiddleware.Execute(ResolveRequestContext context, Action`1 next)
   at Autofac.Core.Resolving.Pipeline.ResolvePipelineBuilder.<>c__DisplayClass14_0.<BuildPipeline>b__1(ResolveRequestContext ctxt)
   at Autofac.Core.Resolving.Pipeline.ResolvePipelineBuilder.<>c__DisplayClass14_0.<BuildPipeline>b__1(ResolveRequestContext ctxt)
   at Autofac.Core.Resolving.Middleware.CircularDependencyDetectorMiddleware.Execute(ResolveRequestContext context, Action`1 next)
   at Autofac.Core.Resolving.Pipeline.ResolvePipelineBuilder.<>c__DisplayClass14_0.<BuildPipeline>b__1(ResolveRequestContext ctxt)
   at Autofac.Core.Pipeline.ResolvePipeline.Invoke(ResolveRequestContext ctxt)
   at Autofac.Core.Resolving.ResolveOperation.GetOrCreateInstance(ISharingLifetimeScope currentOperationScope, ResolveRequest request)
   at Autofac.Core.Resolving.ResolveOperation.ExecuteOperation(ResolveRequest request)
   at Autofac.Core.Resolving.ResolveOperation.Execute(ResolveRequest request)
   at Autofac.Core.Lifetime.LifetimeScope.ResolveComponent(ResolveRequest request)
   at Autofac.ResolutionExtensions.TryResolveService(IComponentContext context, Service service, IEnumerable`1 parameters, Object& instance)
   at Autofac.ResolutionExtensions.ResolveOptionalService(IComponentContext context, Service service, IEnumerable`1 parameters)
   at Autofac.ResolutionExtensions.ResolveOptional(IComponentContext context, Type serviceType, IEnumerable`1 parameters)
   at Autofac.ResolutionExtensions.ResolveOptional(IComponentContext context, Type serviceType)
   at Autofac.Extensions.DependencyInjection.AutofacServiceProvider.GetService(Type serviceType)
   at Microsoft.Extensions.DependencyInjection.ServiceProviderServiceExtensions.GetService[T](IServiceProvider provider)
   at Microsoft.Extensions.Hosting.Internal.Host.StartAsync(CancellationToken cancellationToken)
   at Microsoft.Extensions.Hosting.HostingAbstractionsHostExtensions.RunAsync(IHost host, CancellationToken token)
   at Microsoft.Extensions.Hosting.HostingAbstractionsHostExtensions.RunAsync(IHost host, CancellationToken token)
   at Microsoft.Extensions.Hosting.HostingAbstractionsHostExtensions.Run(IHost host)
   at DataImporter.ExcelToDatabaseService.Program.Main(String[] args) in F:\code\aspnetmvcEXAMAssignment\Devskill-aspnetb5\DataImporter\DataImporter.ExcelToDatabaseService\Program.cs:line 43
2021-09-20 17:16:38.339 +06:00 [INF] Application Starting up
2021-09-20 17:16:39.071 +06:00 [FTL] Application start-up failed
Autofac.Core.DependencyResolutionException: An exception was thrown while activating λ:Microsoft.Extensions.Hosting.IHostedService[] -> DataImporter.ExcelToDatabaseService.Worker -> DataImporter.ExcelToDatabaseService.Model.ImportingDataModel -> DataImporter.Importing.UniteOfWorks.ImportingUnitOfWork.
 ---> Autofac.Core.DependencyResolutionException: None of the constructors found with 'Autofac.Core.Activators.Reflection.DefaultConstructorFinder' on type 'DataImporter.Importing.UniteOfWorks.ImportingUnitOfWork' can be invoked with the available services and parameters:
Cannot resolve parameter 'DataImporter.Importing.Repositories.IExcelFieldDataRepository excelFieldDatas' of constructor 'Void .ctor(DataImporter.Importing.Contexts.IImportingDbContext, DataImporter.Importing.Repositories.IGroupRepository, DataImporter.Importing.Repositories.IExcelFileRepository, DataImporter.Importing.Repositories.IExcelFieldDataRepository, DataImporter.Importing.Repositories.IExcelDataRepository)'.
   at Autofac.Core.Activators.Reflection.ReflectionActivator.GetAllBindings(ConstructorBinder[] availableConstructors, IComponentContext context, IEnumerable`1 parameters)
   at Autofac.Core.Activators.Reflection.ReflectionActivator.ActivateInstance(IComponentContext context, IEnumerable`1 parameters)
   at Autofac.Core.Activators.Reflection.ReflectionActivator.<ConfigurePipeline>b__11_0(ResolveRequestContext ctxt, Action`1 next)
   at Autofac.Core.Resolving.Middleware.DelegateMiddleware.Execute(ResolveRequestContext context, Action`1 next)
   at Autofac.Core.Resolving.Pipeline.ResolvePipelineBuilder.<>c__DisplayClass14_0.<BuildPipeline>b__1(ResolveRequestContext ctxt)
   at Autofac.Core.Resolving.Middleware.DisposalTrackingMiddleware.Execute(ResolveRequestContext context, Action`1 next)
   at Autofac.Core.Resolving.Pipeline.ResolvePipelineBuilder.<>c__DisplayClass14_0.<BuildPipeline>b__1(ResolveRequestContext ctxt)
   at Autofac.Core.Resolving.Middleware.ActivatorErrorHandlingMiddleware.Execute(ResolveRequestContext context, Action`1 next)
   --- End of inner exception stack trace ---
   at Autofac.Core.Resolving.Middleware.ActivatorErrorHandlingMiddleware.Execute(ResolveRequestContext context, Action`1 next)
   at Autofac.Core.Resolving.Pipeline.ResolvePipelineBuilder.<>c__DisplayClass14_0.<BuildPipeline>b__1(ResolveRequestContext ctxt)
   at Autofac.Core.Pipeline.ResolvePipeline.Invoke(ResolveRequestContext ctxt)
   at Autofac.Core.Resolving.Middleware.RegistrationPipelineInvokeMiddleware.Execute(ResolveRequestContext context, Action`1 next)
   at Autofac.Core.Resolving.Pipeline.ResolvePipelineBuilder.<>c__DisplayClass14_0.<BuildPipeline>b__1(ResolveRequestContext ctxt)
   at Autofac.Core.Resolving.Middleware.SharingMiddleware.Execute(ResolveRequestContext context, Action`1 next)
   at Autofac.Core.Resolving.Pipeline.ResolvePipelineBuilder.<>c__DisplayClass14_0.<BuildPipeline>b__1(ResolveRequestContext ctxt)
   at Autofac.Core.Resolving.Pipeline.ResolvePipelineBuilder.<>c__DisplayClass14_0.<BuildPipeline>b__1(ResolveRequestContext ctxt)
   at Autofac.Core.Resolving.Middleware.CircularDependencyDetectorMiddleware.Execute(ResolveRequestContext context, Action`1 next)
   at Autofac.Core.Resolving.Pipeline.ResolvePipelineBuilder.<>c__DisplayClass14_0.<BuildPipeline>b__1(ResolveRequestContext ctxt)
   at Autofac.Core.Pipeline.ResolvePipeline.Invoke(ResolveRequestContext ctxt)
   at Autofac.Core.Resolving.ResolveOperation.GetOrCreateInstance(ISharingLifetimeScope currentOperationScope, ResolveRequest request)
   at Autofac.Core.Resolving.ResolveOperation.ExecuteOperation(ResolveRequest request)
   at Autofac.Core.Resolving.ResolveOperation.Execute(ResolveRequest request)
   at Autofac.Core.Lifetime.LifetimeScope.ResolveComponent(ResolveRequest request)
   at Autofac.ResolutionExtensions.TryResolveService(IComponentContext context, Service service, IEnumerable`1 parameters, Object& instance)
   at Autofac.ResolutionExtensions.ResolveOptionalService(IComponentContext context, Service service, IEnumerable`1 parameters)
   at Autofac.ResolutionExtensions.ResolveOptional(IComponentContext context, Type serviceType, IEnumerable`1 parameters)
   at Autofac.ResolutionExtensions.ResolveOptional(IComponentContext context, Type serviceType)
   at Autofac.Extensions.DependencyInjection.AutofacServiceProvider.GetService(Type serviceType)
   at Microsoft.Extensions.DependencyInjection.ServiceProviderServiceExtensions.GetService[T](IServiceProvider provider)
   at Microsoft.Extensions.Hosting.Internal.Host.StartAsync(CancellationToken cancellationToken)
   at Microsoft.Extensions.Hosting.HostingAbstractionsHostExtensions.RunAsync(IHost host, CancellationToken token)
   at Microsoft.Extensions.Hosting.HostingAbstractionsHostExtensions.RunAsync(IHost host, CancellationToken token)
   at Microsoft.Extensions.Hosting.HostingAbstractionsHostExtensions.Run(IHost host)
   at DataImporter.ExcelToDatabaseService.Program.Main(String[] args) in F:\code\aspnetmvcEXAMAssignment\Devskill-aspnetb5\DataImporter\DataImporter.ExcelToDatabaseService\Program.cs:line 43
2021-09-20 17:17:01.538 +06:00 [INF] Application Starting up
2021-09-20 17:17:02.300 +06:00 [FTL] Application start-up failed
Autofac.Core.DependencyResolutionException: An exception was thrown while activating λ:Microsoft.Extensions.Hosting.IHostedService[] -> DataImporter.ExcelToDatabaseService.Worker -> DataImporter.ExcelToDatabaseService.Model.ImportingDataModel -> DataImporter.Importing.UniteOfWorks.ImportingUnitOfWork.
 ---> Autofac.Core.DependencyResolutionException: None of the constructors found with 'Autofac.Core.Activators.Reflection.DefaultConstructorFinder' on type 'DataImporter.Importing.UniteOfWorks.ImportingUnitOfWork' can be invoked with the available services and parameters:
Cannot resolve parameter 'DataImporter.Importing.Repositories.IExcelFieldDataRepository excelFieldDatas' of constructor 'Void .ctor(DataImporter.Importing.Contexts.IImportingDbContext, DataImporter.Importing.Repositories.IGroupRepository, DataImporter.Importing.Repositories.IExcelFileRepository, DataImporter.Importing.Repositories.IExcelFieldDataRepository, DataImporter.Importing.Repositories.IExcelDataRepository)'.
   at Autofac.Core.Activators.Reflection.ReflectionActivator.GetAllBindings(ConstructorBinder[] availableConstructors, IComponentContext context, IEnumerable`1 parameters)
   at Autofac.Core.Activators.Reflection.ReflectionActivator.ActivateInstance(IComponentContext context, IEnumerable`1 parameters)
   at Autofac.Core.Activators.Reflection.ReflectionActivator.<ConfigurePipeline>b__11_0(ResolveRequestContext ctxt, Action`1 next)
   at Autofac.Core.Resolving.Middleware.DelegateMiddleware.Execute(ResolveRequestContext context, Action`1 next)
   at Autofac.Core.Resolving.Pipeline.ResolvePipelineBuilder.<>c__DisplayClass14_0.<BuildPipeline>b__1(ResolveRequestContext ctxt)
   at Autofac.Core.Resolving.Middleware.DisposalTrackingMiddleware.Execute(ResolveRequestContext context, Action`1 next)
   at Autofac.Core.Resolving.Pipeline.ResolvePipelineBuilder.<>c__DisplayClass14_0.<BuildPipeline>b__1(ResolveRequestContext ctxt)
   at Autofac.Core.Resolving.Middleware.ActivatorErrorHandlingMiddleware.Execute(ResolveRequestContext context, Action`1 next)
   --- End of inner exception stack trace ---
   at Autofac.Core.Resolving.Middleware.ActivatorErrorHandlingMiddleware.Execute(ResolveRequestContext context, Action`1 next)
   at Autofac.Core.Resolving.Pipeline.ResolvePipelineBuilder.<>c__DisplayClass14_0.<BuildPipeline>b__1(ResolveRequestContext ctxt)
   at Autofac.Core.Pipeline.ResolvePipeline.Invoke(ResolveRequestContext ctxt)
   at Autofac.Core.Resolving.Middleware.RegistrationPipelineInvokeMiddleware.Execute(ResolveRequestContext context, Action`1 next)
   at Autofac.Core.Resolving.Pipeline.ResolvePipelineBuilder.<>c__DisplayClass14_0.<BuildPipeline>b__1(ResolveRequestContext ctxt)
   at Autofac.Core.Resolving.Middleware.SharingMiddleware.Execute(ResolveRequestContext context, Action`1 next)
   at Autofac.Core.Resolving.Pipeline.ResolvePipelineBuilder.<>c__DisplayClass14_0.<BuildPipeline>b__1(ResolveRequestContext ctxt)
   at Autofac.Core.Resolving.Pipeline.ResolvePipelineBuilder.<>c__DisplayClass14_0.<BuildPipeline>b__1(ResolveRequestContext ctxt)
   at Autofac.Core.Resolving.Middleware.CircularDependencyDetectorMiddleware.Execute(ResolveRequestContext context, Action`1 next)
   at Autofac.Core.Resolving.Pipeline.ResolvePipelineBuilder.<>c__DisplayClass14_0.<BuildPipeline>b__1(ResolveRequestContext ctxt)
   at Autofac.Core.Pipeline.ResolvePipeline.Invoke(ResolveRequestContext ctxt)
   at Autofac.Core.Resolving.ResolveOperation.GetOrCreateInstance(ISharingLifetimeScope currentOperationScope, ResolveRequest request)
   at Autofac.Core.Resolving.ResolveOperation.ExecuteOperation(ResolveRequest request)
   at Autofac.Core.Resolving.ResolveOperation.Execute(ResolveRequest request)
   at Autofac.Core.Lifetime.LifetimeScope.ResolveComponent(ResolveRequest request)
   at Autofac.ResolutionExtensions.TryResolveService(IComponentContext context, Service service, IEnumerable`1 parameters, Object& instance)
   at Autofac.ResolutionExtensions.ResolveOptionalService(IComponentContext context, Service service, IEnumerable`1 parameters)
   at Autofac.ResolutionExtensions.ResolveOptional(IComponentContext context, Type serviceType, IEnumerable`1 parameters)
   at Autofac.ResolutionExtensions.ResolveOptional(IComponentContext context, Type serviceType)
   at Autofac.Extensions.DependencyInjection.AutofacServiceProvider.GetService(Type serviceType)
   at Microsoft.Extensions.DependencyInjection.ServiceProviderServiceExtensions.GetService[T](IServiceProvider provider)
   at Microsoft.Extensions.Hosting.Internal.Host.StartAsync(CancellationToken cancellationToken)
   at Microsoft.Extensions.Hosting.HostingAbstractionsHostExtensions.RunAsync(IHost host, CancellationToken token)
   at Microsoft.Extensions.Hosting.HostingAbstractionsHostExtensions.RunAsync(IHost host, CancellationToken token)
   at Microsoft.Extensions.Hosting.HostingAbstractionsHostExtensions.Run(IHost host)
   at DataImporter.ExcelToDatabaseService.Program.Main(String[] args) in F:\code\aspnetmvcEXAMAssignment\Devskill-aspnetb5\DataImporter\DataImporter.ExcelToDatabaseService\Program.cs:line 43
2021-09-20 17:17:17.182 +06:00 [INF] Application Starting up
2021-09-20 17:17:55.966 +06:00 [FTL] Application start-up failed
Autofac.Core.DependencyResolutionException: An exception was thrown while activating λ:Microsoft.Extensions.Hosting.IHostedService[] -> DataImporter.ExcelToDatabaseService.Worker -> DataImporter.ExcelToDatabaseService.Model.ImportingDataModel -> DataImporter.Importing.UniteOfWorks.ImportingUnitOfWork.
 ---> Autofac.Core.DependencyResolutionException: None of the constructors found with 'Autofac.Core.Activators.Reflection.DefaultConstructorFinder' on type 'DataImporter.Importing.UniteOfWorks.ImportingUnitOfWork' can be invoked with the available services and parameters:
Cannot resolve parameter 'DataImporter.Importing.Repositories.IExcelFieldDataRepository excelFieldDatas' of constructor 'Void .ctor(DataImporter.Importing.Contexts.IImportingDbContext, DataImporter.Importing.Repositories.IGroupRepository, DataImporter.Importing.Repositories.IExcelFileRepository, DataImporter.Importing.Repositories.IExcelFieldDataRepository, DataImporter.Importing.Repositories.IExcelDataRepository)'.
   at Autofac.Core.Activators.Reflection.ReflectionActivator.GetAllBindings(ConstructorBinder[] availableConstructors, IComponentContext context, IEnumerable`1 parameters)
   at Autofac.Core.Activators.Reflection.ReflectionActivator.ActivateInstance(IComponentContext context, IEnumerable`1 parameters)
   at Autofac.Core.Activators.Reflection.ReflectionActivator.<ConfigurePipeline>b__11_0(ResolveRequestContext ctxt, Action`1 next)
   at Autofac.Core.Resolving.Middleware.DelegateMiddleware.Execute(ResolveRequestContext context, Action`1 next)
   at Autofac.Core.Resolving.Pipeline.ResolvePipelineBuilder.<>c__DisplayClass14_0.<BuildPipeline>b__1(ResolveRequestContext ctxt)
   at Autofac.Core.Resolving.Middleware.DisposalTrackingMiddleware.Execute(ResolveRequestContext context, Action`1 next)
   at Autofac.Core.Resolving.Pipeline.ResolvePipelineBuilder.<>c__DisplayClass14_0.<BuildPipeline>b__1(ResolveRequestContext ctxt)
   at Autofac.Core.Resolving.Middleware.ActivatorErrorHandlingMiddleware.Execute(ResolveRequestContext context, Action`1 next)
   --- End of inner exception stack trace ---
   at Autofac.Core.Resolving.Middleware.ActivatorErrorHandlingMiddleware.Execute(ResolveRequestContext context, Action`1 next)
   at Autofac.Core.Resolving.Pipeline.ResolvePipelineBuilder.<>c__DisplayClass14_0.<BuildPipeline>b__1(ResolveRequestContext ctxt)
   at Autofac.Core.Pipeline.ResolvePipeline.Invoke(ResolveRequestContext ctxt)
   at Autofac.Core.Resolving.Middleware.RegistrationPipelineInvokeMiddleware.Execute(ResolveRequestContext context, Action`1 next)
   at Autofac.Core.Resolving.Pipeline.ResolvePipelineBuilder.<>c__DisplayClass14_0.<BuildPipeline>b__1(ResolveRequestContext ctxt)
   at Autofac.Core.Resolving.Middleware.SharingMiddleware.Execute(ResolveRequestContext context, Action`1 next)
   at Autofac.Core.Resolving.Pipeline.ResolvePipelineBuilder.<>c__DisplayClass14_0.<BuildPipeline>b__1(ResolveRequestContext ctxt)
   at Autofac.Core.Resolving.Pipeline.ResolvePipelineBuilder.<>c__DisplayClass14_0.<BuildPipeline>b__1(ResolveRequestContext ctxt)
   at Autofac.Core.Resolving.Middleware.CircularDependencyDetectorMiddleware.Execute(ResolveRequestContext context, Action`1 next)
   at Autofac.Core.Resolving.Pipeline.ResolvePipelineBuilder.<>c__DisplayClass14_0.<BuildPipeline>b__1(ResolveRequestContext ctxt)
   at Autofac.Core.Pipeline.ResolvePipeline.Invoke(ResolveRequestContext ctxt)
   at Autofac.Core.Resolving.ResolveOperation.GetOrCreateInstance(ISharingLifetimeScope currentOperationScope, ResolveRequest request)
   at Autofac.Core.Resolving.ResolveOperation.ExecuteOperation(ResolveRequest request)
   at Autofac.Core.Resolving.ResolveOperation.Execute(ResolveRequest request)
   at Autofac.Core.Lifetime.LifetimeScope.ResolveComponent(ResolveRequest request)
   at Autofac.ResolutionExtensions.TryResolveService(IComponentContext context, Service service, IEnumerable`1 parameters, Object& instance)
   at Autofac.ResolutionExtensions.ResolveOptionalService(IComponentContext context, Service service, IEnumerable`1 parameters)
   at Autofac.ResolutionExtensions.ResolveOptional(IComponentContext context, Type serviceType, IEnumerable`1 parameters)
   at Autofac.ResolutionExtensions.ResolveOptional(IComponentContext context, Type serviceType)
   at Autofac.Extensions.DependencyInjection.AutofacServiceProvider.GetService(Type serviceType)
   at Microsoft.Extensions.DependencyInjection.ServiceProviderServiceExtensions.GetService[T](IServiceProvider provider)
   at Microsoft.Extensions.Hosting.Internal.Host.StartAsync(CancellationToken cancellationToken)
   at Microsoft.Extensions.Hosting.HostingAbstractionsHostExtensions.RunAsync(IHost host, CancellationToken token)
   at Microsoft.Extensions.Hosting.HostingAbstractionsHostExtensions.RunAsync(IHost host, CancellationToken token)
   at Microsoft.Extensions.Hosting.HostingAbstractionsHostExtensions.Run(IHost host)
   at DataImporter.ExcelToDatabaseService.Program.Main(String[] args) in F:\code\aspnetmvcEXAMAssignment\Devskill-aspnetb5\DataImporter\DataImporter.ExcelToDatabaseService\Program.cs:line 43
2021-09-20 17:19:01.945 +06:00 [INF] Application Starting up
2021-09-20 17:20:11.934 +06:00 [INF] Application Starting up
2021-09-20 17:20:57.557 +06:00 [INF] Application Starting up
2021-09-20 17:26:23.027 +06:00 [INF] Application Starting up
2021-09-20 17:28:10.650 +06:00 [INF] Application Starting up
2021-09-20 17:28:20.318 +06:00 [INF] Application Starting up
2021-09-20 17:28:26.553 +06:00 [INF] Application Starting up
2021-09-20 17:30:08.753 +06:00 [INF] Application Starting up
2021-09-20 17:31:22.814 +06:00 [INF] Application Starting up
2021-09-20 17:32:33.148 +06:00 [INF] Application Starting up
2021-09-20 17:34:25.649 +06:00 [INF] Application Starting up
2021-09-20 17:34:32.085 +06:00 [FTL] Application start-up failed
System.UnauthorizedAccessException: Access to the path 'F:\code\aspnetmvcEXAMAssignment\Devskill-aspnetb5\DataImporter\DataImporter.Web\UploadFiles' is denied.
   at System.IO.FileStream.ValidateFileHandle(SafeFileHandle fileHandle)
   at System.IO.FileStream.CreateFileOpenHandle(FileMode mode, FileShare share, FileOptions options)
   at System.IO.FileStream..ctor(String path, FileMode mode, FileAccess access, FileShare share, Int32 bufferSize, FileOptions options)
   at System.IO.FileStream..ctor(String path, FileMode mode, FileAccess access, FileShare share)
   at System.IO.File.Open(String path, FileMode mode, FileAccess access)
   at DataImporter.ExcelToDatabaseService.Model.ImportingDataModel.ImportDatabase() in F:\code\aspnetmvcEXAMAssignment\Devskill-aspnetb5\DataImporter\DataImporter.ExcelToDatabaseService\Model\ImportingDataModel.cs:line 37
   at DataImporter.ExcelToDatabaseService.Worker.ExecuteAsync(CancellationToken stoppingToken) in F:\code\aspnetmvcEXAMAssignment\Devskill-aspnetb5\DataImporter\DataImporter.ExcelToDatabaseService\Worker.cs:line 28
   at Microsoft.Extensions.Hosting.Internal.Host.StartAsync(CancellationToken cancellationToken)
   at Microsoft.Extensions.Hosting.HostingAbstractionsHostExtensions.RunAsync(IHost host, CancellationToken token)
   at Microsoft.Extensions.Hosting.HostingAbstractionsHostExtensions.RunAsync(IHost host, CancellationToken token)
   at Microsoft.Extensions.Hosting.HostingAbstractionsHostExtensions.Run(IHost host)
   at DataImporter.ExcelToDatabaseService.Program.Main(String[] args) in F:\code\aspnetmvcEXAMAssignment\Devskill-aspnetb5\DataImporter\DataImporter.ExcelToDatabaseService\Program.cs:line 43
2021-09-20 17:38:10.312 +06:00 [INF] Application Starting up
2021-09-20 17:38:34.105 +06:00 [FTL] Application start-up failed
System.UnauthorizedAccessException: Access to the path 'F:\code\aspnetmvcEXAMAssignment\Devskill-aspnetb5\DataImporter\DataImporter.Web\UploadFiles' is denied.
   at System.IO.FileStream.ValidateFileHandle(SafeFileHandle fileHandle)
   at System.IO.FileStream.CreateFileOpenHandle(FileMode mode, FileShare share, FileOptions options)
   at System.IO.FileStream..ctor(String path, FileMode mode, FileAccess access, FileShare share, Int32 bufferSize, FileOptions options)
   at System.IO.FileStream..ctor(String path, FileMode mode, FileAccess access, FileShare share)
   at System.IO.File.Open(String path, FileMode mode, FileAccess access)
   at DataImporter.ExcelToDatabaseService.Model.ImportingDataModel.ImportDatabase() in F:\code\aspnetmvcEXAMAssignment\Devskill-aspnetb5\DataImporter\DataImporter.ExcelToDatabaseService\Model\ImportingDataModel.cs:line 40
   at DataImporter.ExcelToDatabaseService.Worker.ExecuteAsync(CancellationToken stoppingToken) in F:\code\aspnetmvcEXAMAssignment\Devskill-aspnetb5\DataImporter\DataImporter.ExcelToDatabaseService\Worker.cs:line 28
   at Microsoft.Extensions.Hosting.Internal.Host.StartAsync(CancellationToken cancellationToken)
   at Microsoft.Extensions.Hosting.HostingAbstractionsHostExtensions.RunAsync(IHost host, CancellationToken token)
   at Microsoft.Extensions.Hosting.HostingAbstractionsHostExtensions.RunAsync(IHost host, CancellationToken token)
   at Microsoft.Extensions.Hosting.HostingAbstractionsHostExtensions.Run(IHost host)
   at DataImporter.ExcelToDatabaseService.Program.Main(String[] args) in F:\code\aspnetmvcEXAMAssignment\Devskill-aspnetb5\DataImporter\DataImporter.ExcelToDatabaseService\Program.cs:line 43
2021-09-20 17:42:26.688 +06:00 [INF] Application Starting up
2021-09-20 17:45:27.781 +06:00 [INF] Application Starting up
2021-09-20 17:48:08.561 +06:00 [INF] Application Starting up
2021-09-20 17:59:40.194 +06:00 [INF] Application Starting up
2021-09-20 18:35:38.684 +06:00 [INF] Application Starting up
2021-09-20 20:54:08.753 +06:00 [INF] Application Starting up
2021-09-20 21:02:06.404 +06:00 [INF] Application Starting up
2021-09-20 21:07:51.057 +06:00 [INF] Application Starting up
2021-09-20 21:08:44.059 +06:00 [INF] Application Starting up
2021-09-20 21:17:07.016 +06:00 [INF] Application Starting up
2021-09-20 21:19:02.788 +06:00 [INF] Application Starting up
2021-09-20 22:03:13.871 +06:00 [INF] Application Starting up
2021-09-20 22:05:03.524 +06:00 [INF] Application Starting up
2021-09-20 22:06:58.079 +06:00 [INF] Application Starting up
2021-09-20 22:09:25.029 +06:00 [INF] Application Starting up
2021-09-20 22:28:06.114 +06:00 [INF] Application Starting up
2021-09-20 22:32:09.349 +06:00 [INF] Application Starting up
2021-09-20 23:02:13.461 +06:00 [INF] Application Starting up
2021-09-20 23:42:59.774 +06:00 [INF] Application Starting up
2021-09-20 23:44:44.407 +06:00 [INF] Application Starting up
