2021-09-27 02:19:49.535 +06:00 [INF] Application Starting up
2021-09-27 02:21:27.523 +06:00 [INF] Application Starting up
2021-09-27 02:21:43.086 +06:00 [INF] User logged in.
2021-09-27 02:22:22.187 +06:00 [INF] Application Starting up
2021-09-27 02:23:32.203 +06:00 [INF] Application Starting up
2021-09-27 02:24:32.129 +06:00 [INF] Application Starting up
2021-09-27 02:27:55.901 +06:00 [INF] Application Starting up
2021-09-27 02:28:15.779 +06:00 [INF] User logged in.
2021-09-27 02:31:08.513 +06:00 [INF] Application Starting up
2021-09-27 02:31:26.352 +06:00 [INF] Application Starting up
2021-09-27 02:34:15.684 +06:00 [INF] Application Starting up
2021-09-27 02:34:44.583 +06:00 [INF] Application Starting up
2021-09-27 02:35:14.957 +06:00 [INF] Application Starting up
2021-09-27 02:35:44.224 +06:00 [INF] Application Starting up
2021-09-27 15:30:51.963 +06:00 [INF] Application Starting up
2021-09-27 15:31:05.485 +06:00 [INF] User logged in.
2021-09-27 16:05:39.872 +06:00 [INF] Application Starting up
2021-09-27 16:06:28.501 +06:00 [INF] User created a new account with password.
2021-09-27 16:07:06.273 +06:00 [INF] User logged in.
2021-09-27 16:10:36.967 +06:00 [INF] Application Starting up
2021-09-27 16:10:49.086 +06:00 [INF] User logged in.
2021-09-27 16:15:28.652 +06:00 [INF] Application Starting up
2021-09-27 16:15:40.283 +06:00 [INF] User logged in.
2021-09-27 16:17:23.492 +06:00 [INF] Application Starting up
2021-09-27 16:17:34.237 +06:00 [INF] User logged in.
2021-09-27 16:18:37.744 +06:00 [INF] Application Starting up
2021-09-27 16:18:49.926 +06:00 [INF] User logged in.
2021-09-27 16:19:56.794 +06:00 [INF] Application Starting up
2021-09-27 16:20:09.531 +06:00 [INF] Application Starting up
2021-09-27 16:21:31.855 +06:00 [INF] Application Starting up
2021-09-27 16:22:17.064 +06:00 [INF] Application Starting up
2021-09-27 16:23:54.992 +06:00 [INF] Application Starting up
2021-09-27 16:25:34.686 +06:00 [INF] Application Starting up
2021-09-27 16:29:59.772 +06:00 [INF] Application Starting up
2021-09-27 16:30:32.669 +06:00 [INF] Application Starting up
2021-09-27 16:30:44.509 +06:00 [INF] User logged in.
2021-09-27 16:36:25.927 +06:00 [INF] Application Starting up
2021-09-27 16:36:39.541 +06:00 [INF] User logged in.
2021-09-27 16:42:26.949 +06:00 [INF] Application Starting up
2021-09-27 16:42:39.156 +06:00 [INF] User logged in.
2021-09-27 16:47:00.567 +06:00 [INF] Application Starting up
2021-09-27 16:47:14.037 +06:00 [INF] User logged in.
2021-09-27 16:51:00.652 +06:00 [INF] Application Starting up
2021-09-27 16:51:42.838 +06:00 [INF] User logged in.
2021-09-27 17:00:24.306 +06:00 [INF] Application Starting up
2021-09-27 17:00:39.527 +06:00 [INF] User logged in.
2021-09-27 17:05:57.452 +06:00 [INF] Application Starting up
2021-09-27 17:06:08.216 +06:00 [INF] User logged in.
2021-09-27 17:07:06.888 +06:00 [INF] Application Starting up
2021-09-27 17:12:19.318 +06:00 [INF] Application Starting up
2021-09-27 17:13:33.401 +06:00 [INF] User logged in.
2021-09-27 17:15:20.858 +06:00 [INF] Application Starting up
2021-09-27 17:16:22.248 +06:00 [INF] Application Starting up
2021-09-27 17:16:41.846 +06:00 [INF] User logged in.
2021-09-27 17:21:33.148 +06:00 [INF] Application Starting up
2021-09-27 17:22:05.155 +06:00 [INF] User logged in.
2021-09-27 17:24:49.972 +06:00 [INF] Application Starting up
2021-09-27 17:25:01.567 +06:00 [INF] User logged in.
2021-09-27 17:47:36.703 +06:00 [INF] Application Starting up
2021-09-27 17:47:58.434 +06:00 [WRN] Invalid password for user.
2021-09-27 17:47:58.438 +06:00 [WRN] User failed to provide the correct password.
2021-09-27 17:48:07.053 +06:00 [INF] User logged in.
2021-09-27 18:07:06.570 +06:00 [INF] Application Starting up
2021-09-27 18:07:18.351 +06:00 [INF] User logged in.
2021-09-27 18:08:40.650 +06:00 [INF] Application Starting up
2021-09-27 18:08:53.426 +06:00 [INF] User logged in.
2021-09-27 18:12:47.420 +06:00 [INF] Application Starting up
2021-09-27 18:13:36.766 +06:00 [INF] User logged in.
2021-09-27 18:15:47.889 +06:00 [INF] Application Starting up
2021-09-27 18:17:13.778 +06:00 [INF] User logged in.
