2021-09-30 22:11:38.828 +06:00 [INF] Application Starting up
2021-09-30 22:11:48.862 +06:00 [INF] User logged in.
2021-09-30 22:13:37.519 +06:00 [INF] Application Starting up
2021-09-30 22:13:43.744 +06:00 [INF] User logged in.
2021-09-30 22:15:08.843 +06:00 [INF] Application Starting up
2021-09-30 22:15:14.867 +06:00 [INF] User logged in.
2021-09-30 22:23:17.657 +06:00 [INF] Application Starting up
2021-09-30 22:23:29.787 +06:00 [INF] User logged in.
2021-09-30 22:33:19.738 +06:00 [INF] Application Starting up
2021-09-30 22:33:25.873 +06:00 [INF] User logged in.
2021-09-30 22:36:46.337 +06:00 [INF] Application Starting up
2021-09-30 22:36:52.730 +06:00 [INF] User logged in.
2021-09-30 22:41:06.462 +06:00 [INF] Application Starting up
2021-09-30 22:41:15.104 +06:00 [INF] User logged in.
2021-09-30 22:42:55.994 +06:00 [INF] Application Starting up
2021-09-30 22:43:02.685 +06:00 [INF] User logged in.
2021-09-30 22:50:26.298 +06:00 [INF] Application Starting up
2021-09-30 22:52:23.040 +06:00 [INF] Application Starting up
2021-09-30 22:52:29.629 +06:00 [INF] User logged in.
2021-09-30 22:55:13.981 +06:00 [INF] Application Starting up
2021-09-30 22:55:20.760 +06:00 [INF] User logged in.
2021-09-30 22:58:28.511 +06:00 [INF] Application Starting up
2021-09-30 22:58:35.114 +06:00 [INF] User logged in.
2021-09-30 23:01:06.020 +06:00 [INF] Application Starting up
2021-09-30 23:01:12.953 +06:00 [INF] User logged in.
2021-09-30 23:05:32.880 +06:00 [INF] Application Starting up
2021-09-30 23:05:39.465 +06:00 [INF] User logged in.
2021-09-30 23:06:57.749 +06:00 [INF] Application Starting up
2021-09-30 23:07:04.479 +06:00 [INF] User logged in.
2021-09-30 23:17:47.213 +06:00 [INF] Application Starting up
2021-09-30 23:17:56.261 +06:00 [INF] User logged in.
2021-09-30 23:19:03.766 +06:00 [INF] Application Starting up
2021-09-30 23:19:11.940 +06:00 [INF] User logged in.
2021-09-30 23:24:23.110 +06:00 [INF] Application Starting up
2021-09-30 23:24:29.766 +06:00 [INF] User logged in.
2021-09-30 23:38:06.567 +06:00 [INF] Application Starting up
2021-09-30 23:38:40.701 +06:00 [ERR] An unhandled exception has occurred while executing the request.
System.AggregateException: One or more errors occurred. (An error occurred while sending the request.)
 ---> System.Net.Http.HttpRequestException: An error occurred while sending the request.
 ---> System.IO.IOException: Unable to read data from the transport connection: A connection attempt failed because the connected party did not properly respond after a period of time, or established connection failed because connected host has failed to respond..
 ---> System.Net.Sockets.SocketException (10060): A connection attempt failed because the connected party did not properly respond after a period of time, or established connection failed because connected host has failed to respond.
   --- End of inner exception stack trace ---
   at System.Net.Sockets.Socket.AwaitableSocketAsyncEventArgs.ThrowException(SocketError error, CancellationToken cancellationToken)
   at System.Net.Sockets.Socket.AwaitableSocketAsyncEventArgs.GetResult(Int16 token)
   at System.Net.Security.SslStream.ReadAsyncInternal[TIOAdapter](TIOAdapter adapter, Memory`1 buffer)
   at System.Net.Http.HttpConnection.FillAsync(Boolean async)
   at System.Net.Http.HttpConnection.ReadNextResponseHeaderLineAsync(Boolean async, Boolean foldedHeadersAllowed)
   at System.Net.Http.HttpConnection.SendAsyncCore(HttpRequestMessage request, Boolean async, CancellationToken cancellationToken)
   --- End of inner exception stack trace ---
   at System.Net.Http.HttpConnection.SendAsyncCore(HttpRequestMessage request, Boolean async, CancellationToken cancellationToken)
   at System.Net.Http.HttpConnectionPool.SendWithRetryAsync(HttpRequestMessage request, Boolean async, Boolean doRequestAuth, CancellationToken cancellationToken)
   at System.Net.Http.RedirectHandler.SendAsync(HttpRequestMessage request, Boolean async, CancellationToken cancellationToken)
   at System.Net.Http.DiagnosticsHandler.SendAsyncCore(HttpRequestMessage request, Boolean async, CancellationToken cancellationToken)
   at System.Net.Http.HttpClient.SendAsyncCore(HttpRequestMessage request, HttpCompletionOption completionOption, Boolean async, Boolean emitTelemetryStartStop, CancellationToken cancellationToken)
   --- End of inner exception stack trace ---
   at System.Threading.Tasks.Task`1.GetResultCore(Boolean waitCompletionNotification)
   at System.Threading.Tasks.Task`1.get_Result()
   at DataImporter.Web.Models.Account.LoginModel.ReCaptchaPassed(String gRecaptchaResponse) in F:\code\aspnetmvcEXAMAssignment\Devskill-aspnetb5\DataImporter\DataImporter.Web\Models\Account\LoginModel.cs:line 36
   at DataImporter.Web.Controllers.AccountController.Login(LoginModel model) in F:\code\aspnetmvcEXAMAssignment\Devskill-aspnetb5\DataImporter\DataImporter.Web\Controllers\AccountController.cs:line 175
   at Microsoft.AspNetCore.Mvc.Infrastructure.ActionMethodExecutor.TaskOfIActionResultExecutor.Execute(IActionResultTypeMapper mapper, ObjectMethodExecutor executor, Object controller, Object[] arguments)
   at Microsoft.AspNetCore.Mvc.Infrastructure.ControllerActionInvoker.<InvokeActionMethodAsync>g__Awaited|12_0(ControllerActionInvoker invoker, ValueTask`1 actionResultValueTask)
   at Microsoft.AspNetCore.Mvc.Infrastructure.ControllerActionInvoker.<InvokeNextActionFilterAsync>g__Awaited|10_0(ControllerActionInvoker invoker, Task lastTask, State next, Scope scope, Object state, Boolean isCompleted)
   at Microsoft.AspNetCore.Mvc.Infrastructure.ControllerActionInvoker.Rethrow(ActionExecutedContextSealed context)
   at Microsoft.AspNetCore.Mvc.Infrastructure.ControllerActionInvoker.Next(State& next, Scope& scope, Object& state, Boolean& isCompleted)
   at Microsoft.AspNetCore.Mvc.Infrastructure.ControllerActionInvoker.InvokeInnerFilterAsync()
--- End of stack trace from previous location ---
   at Microsoft.AspNetCore.Mvc.Infrastructure.ResourceInvoker.<InvokeNextResourceFilter>g__Awaited|24_0(ResourceInvoker invoker, Task lastTask, State next, Scope scope, Object state, Boolean isCompleted)
   at Microsoft.AspNetCore.Mvc.Infrastructure.ResourceInvoker.Rethrow(ResourceExecutedContextSealed context)
   at Microsoft.AspNetCore.Mvc.Infrastructure.ResourceInvoker.Next(State& next, Scope& scope, Object& state, Boolean& isCompleted)
   at Microsoft.AspNetCore.Mvc.Infrastructure.ResourceInvoker.InvokeFilterPipelineAsync()
--- End of stack trace from previous location ---
   at Microsoft.AspNetCore.Mvc.Infrastructure.ResourceInvoker.<InvokeAsync>g__Awaited|17_0(ResourceInvoker invoker, Task task, IDisposable scope)
   at Microsoft.AspNetCore.Routing.EndpointMiddleware.<Invoke>g__AwaitRequestTask|6_0(Endpoint endpoint, Task requestTask, ILogger logger)
   at Microsoft.AspNetCore.Session.SessionMiddleware.Invoke(HttpContext context)
   at Microsoft.AspNetCore.Session.SessionMiddleware.Invoke(HttpContext context)
   at Microsoft.AspNetCore.Authorization.AuthorizationMiddleware.Invoke(HttpContext context)
   at Microsoft.AspNetCore.Authentication.AuthenticationMiddleware.Invoke(HttpContext context)
   at Microsoft.AspNetCore.Diagnostics.EntityFrameworkCore.MigrationsEndPointMiddleware.Invoke(HttpContext context)
   at Microsoft.AspNetCore.Diagnostics.DeveloperExceptionPageMiddleware.Invoke(HttpContext context)
2021-09-30 23:38:42.537 +06:00 [ERR] An exception occurred while calculating the database error page content. Skipping display of the database error page.
System.InvalidOperationException: StatusCode cannot be set because the response has already started.
   at Microsoft.AspNetCore.Server.IIS.Core.IISHttpContext.ThrowResponseAlreadyStartedException(String name)
   at Microsoft.AspNetCore.Server.IIS.Core.IISHttpContext.set_StatusCode(Int32 value)
   at Microsoft.AspNetCore.Server.IIS.Core.IISHttpContext.Microsoft.AspNetCore.Http.Features.IHttpResponseFeature.set_StatusCode(Int32 value)
   at Microsoft.AspNetCore.Http.DefaultHttpResponse.set_StatusCode(Int32 value)
   at Microsoft.AspNetCore.Diagnostics.EntityFrameworkCore.Views.DatabaseErrorPage.ExecuteAsync()
   at Microsoft.Extensions.RazorViews.BaseView.ExecuteAsync(HttpContext context)
   at Microsoft.AspNetCore.Diagnostics.EntityFrameworkCore.DatabaseDeveloperPageExceptionFilter.HandleExceptionAsync(ErrorContext errorContext, Func`2 next)
2021-09-30 23:39:11.591 +06:00 [INF] Application Starting up
2021-09-30 23:39:51.997 +06:00 [INF] Application Starting up
2021-09-30 23:39:57.745 +06:00 [INF] User logged in.
2021-09-30 23:40:45.240 +06:00 [INF] Application Starting up
2021-09-30 23:40:53.537 +06:00 [INF] User logged in.
2021-09-30 23:41:42.108 +06:00 [INF] Application Starting up
2021-09-30 23:41:50.075 +06:00 [INF] User logged in.
2021-09-30 23:42:26.198 +06:00 [INF] Application Starting up
2021-09-30 23:42:32.148 +06:00 [INF] User logged in.
2021-09-30 23:43:50.180 +06:00 [INF] Application Starting up
2021-09-30 23:43:56.422 +06:00 [INF] User logged in.
2021-09-30 23:48:31.110 +06:00 [INF] Application Starting up
2021-09-30 23:48:37.627 +06:00 [INF] User logged in.
